<?xml version="1.0" encoding="UTF-8"?>
<!-- Generated by org.testng.reporters.JUnitReportReporter -->
<testsuite hostname="INBOOK_Y2_PLUS" failures="0" tests="1" name="HospitalProject.testCasesTDD.HospitalDoctorAvailCheck" time="21.305" errors="0" timestamp="27 Jan 2025 20:25:46 GMT" skipped="0">
  <testcase classname="HospitalProject.testCasesTDD.HospitalDoctorAvailCheck" name="UserDoctorCheck" time="21.305"/>
</testsuite> <!-- HospitalProject.testCasesTDD.HospitalDoctorAvailCheck -->
