<?xml version="1.0" encoding="UTF-8"?>
<!-- Generated by org.testng.reporters.JUnitReportReporter -->
<testsuite hostname="INBOOK_Y2_PLUS" failures="0" tests="1" name="HospitalProject.testCasesTDD.ABCDHospitalBaseOldTest" time="10.000" errors="0" timestamp="24 Mar 2025 12:03:41 GMT" skipped="0">
  <testcase classname="HospitalProject.testCasesTDD.ABCDHospitalBaseOldTest" name="login" time="10.000"/>
</testsuite> <!-- HospitalProject.testCasesTDD.ABCDHospitalBaseOldTest -->
